#
# There is insufficient memory for the Java Runtime Environment to continue.
# Native memory allocation (malloc) failed to allocate 32744 bytes for ChunkPool::allocate
# Possible reasons:
#   The system is out of physical RAM or swap space
#   In 32 bit mode, the process size limit was hit
# Possible solutions:
#   Reduce memory load on the system
#   Increase physical memory or swap space
#   Check if swap backing store is full
#   Use 64 bit Java on a 64 bit OS
#   Decrease Java heap size (-Xmx/-Xms)
#   Decrease number of Java threads
#   Decrease Java thread stack sizes (-Xss)
#   Set larger code cache with -XX:ReservedCodeCacheSize=
# This output file may be truncated or incomplete.
#
#  Out of Memory Error (allocation.cpp:273), pid=8336, tid=4920
#
# JRE version: Java(TM) SE Runtime Environment (8.0_60-b27) (build 1.8.0_60-b27)
# Java VM: Java HotSpot(TM) 64-Bit Server VM (25.60-b23 mixed mode windows-amd64 compressed oops)
# Failed to write core dump. Minidumps are not enabled by default on client versions of Windows
#

---------------  T H R E A D  ---------------

Current thread (0x0000000014e7a000):  JavaThread "C2 CompilerThread0" daemon [_thread_in_native, id=4920, stack(0x00000000163e0000,0x00000000164e0000)]

Stack: [0x00000000163e0000,0x00000000164e0000]
[error occurred during error reporting (printing stack bounds), id 0xc0000005]

Native frames: (J=compiled Java code, j=interpreted, Vv=VM code, C=native code)


Current CompileTask:
C2:   1817 1032   !   4       com.android.dx.cf.code.BytecodeArray::parseInstruction (2764 bytes)


---------------  P R O C E S S  ---------------

Java Threads: ( => current thread )
  0x000000001680a000 JavaThread "pool-1-thread-1" [_thread_new, id=6752, stack(0x0000000000000000,0x0000000000000000)]
  0x00000000166e2800 JavaThread "Service Thread" daemon [_thread_blocked, id=7600, stack(0x0000000016ae0000,0x0000000016be0000)]
  0x0000000014edd000 JavaThread "C1 CompilerThread2" daemon [_thread_blocked, id=7284, stack(0x00000000165e0000,0x00000000166e0000)]
  0x0000000014eda000 JavaThread "C2 CompilerThread1" daemon [_thread_blocked, id=3460, stack(0x00000000164e0000,0x00000000165e0000)]
=>0x0000000014e7a000 JavaThread "C2 CompilerThread0" daemon [_thread_in_native, id=4920, stack(0x00000000163e0000,0x00000000164e0000)]
  0x0000000014e78000 JavaThread "Attach Listener" daemon [_thread_blocked, id=2468, stack(0x00000000162e0000,0x00000000163e0000)]
  0x0000000014e76800 JavaThread "Signal Dispatcher" daemon [_thread_blocked, id=9212, stack(0x00000000161e0000,0x00000000162e0000)]
  0x00000000027a1800 JavaThread "Finalizer" daemon [_thread_blocked, id=8804, stack(0x00000000160e0000,0x00000000161e0000)]
  0x000000000279e800 JavaThread "Reference Handler" daemon [_thread_blocked, id=6896, stack(0x0000000015fe0000,0x00000000160e0000)]
  0x00000000026b0800 JavaThread "main" [_thread_blocked, id=7952, stack(0x00000000025b0000,0x00000000026b0000)]

Other Threads:
  0x0000000014e48800 VMThread [stack: 0x0000000015ee0000,0x0000000015fe0000] [id=8744]
  0x00000000166ea000 WatcherThread [stack: 0x0000000016be0000,0x0000000016ce0000] [id=6892]

VM state:not at safepoint (normal execution)

VM Mutex/Monitor currently owned by a thread: None

Heap:
 PSYoungGen      total 38400K, used 21984K [0x00000000eab00000, 0x00000000ed580000, 0x0000000100000000)
  eden space 33280K, 66% used [0x00000000eab00000,0x00000000ec078360,0x00000000ecb80000)
  from space 5120K, 0% used [0x00000000ed080000,0x00000000ed080000,0x00000000ed580000)
  to   space 5120K, 0% used [0x00000000ecb80000,0x00000000ecb80000,0x00000000ed080000)
 ParOldGen       total 87552K, used 0K [0x00000000c0000000, 0x00000000c5580000, 0x00000000eab00000)
  object space 87552K, 0% used [0x00000000c0000000,0x00000000c0000000,0x00000000c5580000)
 Metaspace       used 5686K, capacity 6832K, committed 7040K, reserved 1056768K
  class space    used 576K, capacity 616K, committed 640K, reserved 1048576K

Card table byte_map: [0x0000000011b70000,0x0000000011d80000] byte_map_base: 0x0000000011570000

Marking Bits: (ParMarkBitMap*) 0x000000006b6ca5b0
 Begin Bits: [0x00000000122e0000, 0x00000000132e0000)
 End Bits:   [0x00000000132e0000, 0x00000000142e0000)

Polling page: 0x0000000002430000

CodeCache: size=245760Kb used=4261Kb max_used=4270Kb free=241498Kb
 bounds [0x00000000027b0000, 0x0000000002be0000, 0x00000000117b0000]
 total_blobs=1319 nmethods=1058 adapters=174
 compilation: enabled

Compilation events (10 events):
Event: 1.719 Thread 0x0000000014edd000 1055       3       com.android.dx.util.IntList::shrink (42 bytes)
Event: 1.720 Thread 0x0000000014edd000 nmethod 1055 0x0000000002bd8ed0 code [0x0000000002bd9080, 0x0000000002bd95a8]
Event: 1.720 Thread 0x0000000014edd000 1056       3       com.android.dx.rop.code.BasicBlockList$RegCountVisitor::visitThrowingInsn (6 bytes)
Event: 1.720 Thread 0x0000000014edd000 nmethod 1056 0x0000000002bcee50 code [0x0000000002bcefc0, 0x0000000002bcf148]
Event: 1.727 Thread 0x0000000014eda000 1057       4       com.android.dx.rop.code.Rop::isCommutative (60 bytes)
Event: 1.728 Thread 0x0000000014eda000 nmethod 1057 0x0000000002bbaf10 code [0x0000000002bbb040, 0x0000000002bbb0d8]
Event: 1.731 Thread 0x0000000014edd000 1058       1       java.util.concurrent.locks.AbstractQueuedSynchronizer::getState (5 bytes)
Event: 1.731 Thread 0x0000000014edd000 nmethod 1058 0x0000000002bd8bd0 code [0x0000000002bd8d20, 0x0000000002bd8e30]
Event: 1.731 Thread 0x0000000014edd000 1059       1       java.util.concurrent.locks.AbstractOwnableSynchronizer::getExclusiveOwnerThread (5 bytes)
Event: 1.731 Thread 0x0000000014edd000 nmethod 1059 0x0000000002bcaa50 code [0x0000000002bcaba0, 0x0000000002bcacb0]

GC Heap History (0 events):
No events

Deoptimization events (10 events):
Event: 0.738 Thread 0x0000000016920000 Uncommon trap: reason=speculate_class_check action=maybe_recompile pc=0x0000000002978a0c method=com.android.dx.rop.cst.Constant.compareTo(Lcom/android/dx/rop/cst/Constant;)I @ 29
Event: 0.738 Thread 0x0000000016920000 Uncommon trap: reason=speculate_class_check action=maybe_recompile pc=0x0000000002978a0c method=com.android.dx.rop.cst.Constant.compareTo(Lcom/android/dx/rop/cst/Constant;)I @ 29
Event: 1.000 Thread 0x0000000016916800 Uncommon trap: reason=class_check action=maybe_recompile pc=0x0000000002962e50 method=com.android.dx.rop.cst.CstMemberRef.compareTo0(Lcom/android/dx/rop/cst/Constant;)I @ 1
Event: 1.000 Thread 0x0000000016924800 Uncommon trap: reason=class_check action=maybe_recompile pc=0x0000000002962e50 method=com.android.dx.rop.cst.CstMemberRef.compareTo0(Lcom/android/dx/rop/cst/Constant;)I @ 1
Event: 1.000 Thread 0x0000000016924800 Uncommon trap: reason=class_check action=maybe_recompile pc=0x0000000002962e50 method=com.android.dx.rop.cst.CstMemberRef.compareTo0(Lcom/android/dx/rop/cst/Constant;)I @ 1
Event: 1.000 Thread 0x00000000026b0800 Uncommon trap: reason=class_check action=maybe_recompile pc=0x0000000002962e50 method=com.android.dx.rop.cst.CstMemberRef.compareTo0(Lcom/android/dx/rop/cst/Constant;)I @ 1
Event: 1.015 Thread 0x000000001680a000 Uncommon trap: reason=unstable_if action=reinterpret pc=0x00000000029f2f78 method=java.util.HashMap.getNode(ILjava/lang/Object;)Ljava/util/HashMap$Node; @ 62
Event: 1.095 Thread 0x0000000016924800 Uncommon trap: reason=unstable_if action=reinterpret pc=0x000000000297f68c method=com.android.dx.rop.cst.CstFieldRef.compareTo0(Lcom/android/dx/rop/cst/Constant;)I @ 7
Event: 1.114 Thread 0x00000000026b0800 Uncommon trap: reason=unstable_if action=reinterpret pc=0x0000000002a401b0 method=java.util.BitSet.ensureCapacity(I)V @ 6
Event: 1.180 Thread 0x000000001680a000 Uncommon trap: reason=unstable_if action=reinterpret pc=0x000000000297bc54 method=com.android.dx.rop.cst.CstFieldRef.compareTo0(Lcom/android/dx/rop/cst/Constant;)I @ 7

Internal exceptions (2 events):
Event: 0.098 Thread 0x00000000026b0800 Exception <a 'java/lang/NoSuchMethodError': Method sun.misc.Unsafe.defineClass(Ljava/lang/String;[BII)Ljava/lang/Class; name or signature does not match> (0x00000000eab0d2a8) thrown at [C:\re\workspace\8-2-build-windows-amd64-cygwin\jdk8u60\4407\hotspot\sr"¶ÃÑy:¹?
Event: 0.099 Thread 0x00000000026b0800 Exception <a 'java/lang/NoSuchMethodError': Method sun.misc.Unsafe.prefetchRead(Ljava/lang/Object;J)V name or signature does not match> (0x00000000eab0d590) thrown at [C:\re\workspace\8-2-build-windows-amd64-cygwin\jdk8u60\4407\hotspot\src\share\vm\prims\j

Events (10 events):
Event: 1.345 loading class java/util/HashMap$KeyIterator
Event: 1.345 loading class java/util/HashMap$KeyIterator done
Event: 1.482 Thread 0x0000000016916800 Thread exited: 0x0000000016916800
Event: 1.718 Thread 0x0000000016920000 Thread exited: 0x0000000016920000
Event: 1.719 Thread 0x0000000016924800 Thread exited: 0x0000000016924800
Event: 1.731 Thread 0x0000000016811000 Thread exited: 0x0000000016811000
Event: 1.731 loading class com/android/dx/command/dexer/Main$DexWriter
Event: 1.731 loading class com/android/dx/command/dexer/Main$DexWriter done
Event: 1.731 Thread 0x000000001680a000 Thread exited: 0x000000001680a000
Event: 1.732 Thread 0x000000001680a000 Thread added: 0x000000001680a000


Dynamic libraries:
0x00007ff607b80000 - 0x00007ff607bb7000 	C:\Program Files\Java\jdk1.8.0_60\bin\java.exe
0x00007ffd34350000 - 0x00007ffd344fc000 	C:\Windows\SYSTEM32\ntdll.dll
0x00007ffd31e00000 - 0x00007ffd31f3e000 	C:\Windows\system32\KERNEL32.DLL
0x00007ffd318c0000 - 0x00007ffd319d5000 	C:\Windows\system32\KERNELBASE.dll
0x00007ffd30030000 - 0x00007ffd300be000 	C:\Windows\system32\apphelp.dll
0x00007ffd2a900000 - 0x00007ffd2a953000 	C:\Windows\AppPatch\AppPatch64\AcGenral.DLL
0x00007ffd31c90000 - 0x00007ffd31d3a000 	C:\Windows\system32\msvcrt.dll
0x00007ffd31350000 - 0x00007ffd3137e000 	C:\Windows\SYSTEM32\SspiCli.dll
0x00007ffd323e0000 - 0x00007ffd32434000 	C:\Windows\system32\SHLWAPI.dll
0x00007ffd31f50000 - 0x00007ffd320c7000 	C:\Windows\system32\USER32.dll
0x00007ffd33f10000 - 0x00007ffd340a4000 	C:\Windows\system32\ole32.dll
0x00007ffd32860000 - 0x00007ffd33d79000 	C:\Windows\system32\SHELL32.dll
0x00007ffd30ad0000 - 0x00007ffd30af1000 	C:\Windows\SYSTEM32\USERENV.dll
0x00007ffd32450000 - 0x00007ffd324fa000 	C:\Windows\system32\ADVAPI32.dll
0x00007ffd267f0000 - 0x00007ffd2680e000 	C:\Windows\SYSTEM32\MPR.dll
0x00007ffd320d0000 - 0x00007ffd32211000 	C:\Windows\system32\RPCRT4.dll
0x00007ffd342f0000 - 0x00007ffd34349000 	C:\Windows\SYSTEM32\sechost.dll
0x00007ffd340b0000 - 0x00007ffd342c1000 	C:\Windows\SYSTEM32\combase.dll
0x00007ffd32500000 - 0x00007ffd32650000 	C:\Windows\system32\GDI32.dll
0x00007ffd314b0000 - 0x00007ffd314c5000 	C:\Windows\SYSTEM32\profapi.dll
0x00007ffd2fa60000 - 0x00007ffd2fb12000 	C:\Windows\SYSTEM32\SHCORE.dll
0x00007ffd31d50000 - 0x00007ffd31d86000 	C:\Windows\system32\IMM32.DLL
0x00007ffd32280000 - 0x00007ffd323d2000 	C:\Windows\system32\MSCTF.dll
0x00007ffd2e540000 - 0x00007ffd2e7ba000 	C:\Windows\WinSxS\amd64_microsoft.windows.common-controls_6595b64144ccf1df_6.0.9600.17810_none_6240b9c7ecbd0bda\COMCTL32.dll
0x0000000068d60000 - 0x0000000068e32000 	C:\Program Files\Java\jdk1.8.0_60\jre\bin\msvcr100.dll
0x000000006aec0000 - 0x000000006b749000 	C:\Program Files\Java\jdk1.8.0_60\jre\bin\server\jvm.dll
0x00007ffd259a0000 - 0x00007ffd259a9000 	C:\Windows\SYSTEM32\WSOCK32.dll
0x00007ffd29ae0000 - 0x00007ffd29b02000 	C:\Windows\SYSTEM32\WINMM.dll
0x00007ffd2ea60000 - 0x00007ffd2ea6a000 	C:\Windows\SYSTEM32\VERSION.dll
0x00007ffd32440000 - 0x00007ffd32447000 	C:\Windows\system32\PSAPI.DLL
0x00007ffd32220000 - 0x00007ffd3227a000 	C:\Windows\system32\WS2_32.dll
0x00007ffd29ab0000 - 0x00007ffd29ada000 	C:\Windows\SYSTEM32\WINMMBASE.dll
0x00007ffd31d40000 - 0x00007ffd31d49000 	C:\Windows\system32\NSI.dll
0x00007ffd31580000 - 0x00007ffd315cf000 	C:\Windows\SYSTEM32\cfgmgr32.dll
0x00007ffd302b0000 - 0x00007ffd302d8000 	C:\Windows\SYSTEM32\DEVOBJ.dll
0x000000006aeb0000 - 0x000000006aebf000 	C:\Program Files\Java\jdk1.8.0_60\jre\bin\verify.dll
0x000000006ae80000 - 0x000000006aea9000 	C:\Program Files\Java\jdk1.8.0_60\jre\bin\java.dll
0x000000006ae60000 - 0x000000006ae76000 	C:\Program Files\Java\jdk1.8.0_60\jre\bin\zip.dll

VM Arguments:
jvm_args: -Djava.awt.headless=true -Xmx1024M -Dfile.encoding=windows-1252 -Duser.country=US -Duser.language=en -Duser.variant 
java_command: com.android.dx.command.Main --dex --force-jumbo --num-threads=4 --multi-dex --output D:\MyProjects\SimplifiedCodingChat\app\build\intermediates\transforms\dex\debug\folders\1000\5\slice_2 D:\MyProjects\SimplifiedCodingChat\app\build\intermediates\transforms\instantRunSlicer\debug\folders\1\5\slice_2
java_class_path (initial): C:\Users\Belal\AppData\Local\Android\sdk\build-tools\23.0.3\lib\dx.jar
Launcher Type: SUN_STANDARD

Environment Variables:
JAVA_HOME=C:\Program Files\Java\jdk1.8.0_60
PATH=C:\MinGW\bin;C:\Program Files (x86)\Java\jre1.8.0_65\bin;C:\Program Files (x86)\Microsoft SQL Server\100\Tools\Binn\;C:\Program Files\Microsoft SQL Server\100\Tools\Binn\;C:\Program Files\Microsoft SQL Server\100\DTS\Binn\;C:\Users\Belal\AppData\Roaming\npm;C:\Windows\System32
USERNAME=Belal
OS=Windows_NT
PROCESSOR_IDENTIFIER=Intel64 Family 6 Model 58 Stepping 9, GenuineIntel



---------------  S Y S T E M  ---------------

OS: Windows 8.1 , 64 bit Build 9600 (6.3.9600.17415)

CPU:total 4 (2 cores per cpu, 2 threads per core) family 6 model 58 stepping 9, cmov, cx8, fxsr, mmx, sse, sse2, sse3, ssse3, sse4.1, sse4.2, popcnt, avx, clmul, erms, ht, tsc, tscinvbit, tscinv

Memory: 4k page, physical 8327568k(680364k free), swap 11966864k(5128k free)

vm_info: Java HotSpot(TM) 64-Bit Server VM (25.60-b23) for windows-amd64 JRE (1.8.0_60-b27), built on Aug  4 2015 11:06:27 by "java_re" with MS VC++ 10.0 (VS2010)

time: Sun May 29 18:27:21 2016
elapsed time: 1 seconds (0d 0h 0m 1s)

