#
# There is insufficient memory for the Java Runtime Environment to continue.
# Native memory allocation (malloc) failed to allocate 1048576 bytes for AllocateHeap
# Possible reasons:
#   The system is out of physical RAM or swap space
#   In 32 bit mode, the process size limit was hit
# Possible solutions:
#   Reduce memory load on the system
#   Increase physical memory or swap space
#   Check if swap backing store is full
#   Use 64 bit Java on a 64 bit OS
#   Decrease Java heap size (-Xmx/-Xms)
#   Decrease number of Java threads
#   Decrease Java thread stack sizes (-Xss)
#   Set larger code cache with -XX:ReservedCodeCacheSize=
# This output file may be truncated or incomplete.
#
#  Out of Memory Error (memory/allocation.inline.hpp:61), pid=6008, tid=8544
#
# JRE version:  (8.0_60-b27) (build )
# Java VM: Java HotSpot(TM) 64-Bit Server VM (25.60-b23 mixed mode windows-amd64 compressed oops)
# Failed to write core dump. Minidumps are not enabled by default on client versions of Windows
#

---------------  T H R E A D  ---------------

Current thread (0x00000000022b0800):  JavaThread "Unknown thread" [_thread_in_vm, id=8544, stack(0x00000000021b0000,0x00000000022b0000)]

Stack: [0x00000000021b0000,0x00000000022b0000]
[error occurred during error reporting (printing stack bounds), id 0xc0000005]

Native frames: (J=compiled Java code, j=interpreted, Vv=VM code, C=native code)


---------------  P R O C E S S  ---------------

Java Threads: ( => current thread )

Other Threads:

=>0x00000000022b0800 (exited) JavaThread "Unknown thread" [_thread_in_vm, id=8544, stack(0x00000000021b0000,0x00000000022b0000)]

VM state:not at safepoint (normal execution)

VM Mutex/Monitor currently owned by a thread: None

Heap:
 PSYoungGen      total 38400K, used 665K [0x00000000eab00000, 0x00000000ed580000, 0x0000000100000000)
  eden space 33280K, 2% used [0x00000000eab00000,0x00000000eaba6670,0x00000000ecb80000)
  from space 5120K, 0% used [0x00000000ed080000,0x00000000ed080000,0x00000000ed580000)
  to   space 5120K, 0% used [0x00000000ecb80000,0x00000000ecb80000,0x00000000ed080000)
 ParOldGen       total 87552K, used 0K [0x00000000c0000000, 0x00000000c5580000, 0x00000000eab00000)
  object space 87552K, 0% used [0x00000000c0000000,0x00000000c0000000,0x00000000c5580000)
 Metaspace       used 767K, capacity 4480K, committed 4480K, reserved 1056768K
  class space    used 75K, capacity 384K, committed 384K, reserved 1048576K

Card table byte_map: [0x0000000011770000,0x0000000011980000] byte_map_base: 0x0000000011170000

Marking Bits: (ParMarkBitMap*) 0x000000006b6ca5b0
 Begin Bits: [0x0000000011ee0000, 0x0000000012ee0000)
 End Bits:   [0x0000000012ee0000, 0x0000000013ee0000)

Polling page: 0x00000000009b0000

CodeCache: size=245760Kb used=328Kb max_used=328Kb free=245431Kb
 bounds [0x00000000023b0000, 0x0000000002620000, 0x00000000113b0000]
 total_blobs=57 nmethods=0 adapters=37
 compilation: enabled

Compilation events (0 events):
No events

GC Heap History (0 events):
No events

Deoptimization events (0 events):
No events

Internal exceptions (0 events):
No events

Events (10 events):
Event: 0.033 loading class java/lang/Short
Event: 0.034 loading class java/lang/Short done
Event: 0.034 loading class java/lang/Integer
Event: 0.034 loading class java/lang/Integer done
Event: 0.034 loading class java/lang/Long
Event: 0.034 loading class java/lang/Long done
Event: 0.035 loading class java/lang/NullPointerException
Event: 0.035 loading class java/lang/NullPointerException done
Event: 0.035 loading class java/lang/ArithmeticException
Event: 0.035 loading class java/lang/ArithmeticException done


Dynamic libraries:
0x00007ff607b80000 - 0x00007ff607bb7000 	C:\Program Files\Java\jdk1.8.0_60\bin\java.exe
0x00007ffd34350000 - 0x00007ffd344fc000 	C:\Windows\SYSTEM32\ntdll.dll
0x00007ffd31e00000 - 0x00007ffd31f3e000 	C:\Windows\system32\KERNEL32.DLL
0x00007ffd318c0000 - 0x00007ffd319d5000 	C:\Windows\system32\KERNELBASE.dll
0x00007ffd30030000 - 0x00007ffd300be000 	C:\Windows\system32\apphelp.dll
0x00007ffd2a900000 - 0x00007ffd2a953000 	C:\Windows\AppPatch\AppPatch64\AcGenral.DLL
0x00007ffd31c90000 - 0x00007ffd31d3a000 	C:\Windows\system32\msvcrt.dll
0x00007ffd31350000 - 0x00007ffd3137e000 	C:\Windows\SYSTEM32\SspiCli.dll
0x00007ffd323e0000 - 0x00007ffd32434000 	C:\Windows\system32\SHLWAPI.dll
0x00007ffd31f50000 - 0x00007ffd320c7000 	C:\Windows\system32\USER32.dll
0x00007ffd33f10000 - 0x00007ffd340a4000 	C:\Windows\system32\ole32.dll
0x00007ffd32860000 - 0x00007ffd33d79000 	C:\Windows\system32\SHELL32.dll
0x00007ffd30ad0000 - 0x00007ffd30af1000 	C:\Windows\SYSTEM32\USERENV.dll
0x00007ffd32450000 - 0x00007ffd324fa000 	C:\Windows\system32\ADVAPI32.dll
0x00007ffd267f0000 - 0x00007ffd2680e000 	C:\Windows\SYSTEM32\MPR.dll
0x00007ffd320d0000 - 0x00007ffd32211000 	C:\Windows\system32\RPCRT4.dll
0x00007ffd342f0000 - 0x00007ffd34349000 	C:\Windows\SYSTEM32\sechost.dll
0x00007ffd340b0000 - 0x00007ffd342c1000 	C:\Windows\SYSTEM32\combase.dll
0x00007ffd32500000 - 0x00007ffd32650000 	C:\Windows\system32\GDI32.dll
0x00007ffd314b0000 - 0x00007ffd314c5000 	C:\Windows\SYSTEM32\profapi.dll
0x00007ffd2fa60000 - 0x00007ffd2fb12000 	C:\Windows\SYSTEM32\SHCORE.dll
0x00007ffd31d50000 - 0x00007ffd31d86000 	C:\Windows\system32\IMM32.DLL
0x00007ffd32280000 - 0x00007ffd323d2000 	C:\Windows\system32\MSCTF.dll
0x00007ffd2e540000 - 0x00007ffd2e7ba000 	C:\Windows\WinSxS\amd64_microsoft.windows.common-controls_6595b64144ccf1df_6.0.9600.17810_none_6240b9c7ecbd0bda\COMCTL32.dll
0x0000000068d60000 - 0x0000000068e32000 	C:\Program Files\Java\jdk1.8.0_60\jre\bin\msvcr100.dll
0x000000006aec0000 - 0x000000006b749000 	C:\Program Files\Java\jdk1.8.0_60\jre\bin\server\jvm.dll
0x00007ffd259a0000 - 0x00007ffd259a9000 	C:\Windows\SYSTEM32\WSOCK32.dll
0x00007ffd29ae0000 - 0x00007ffd29b02000 	C:\Windows\SYSTEM32\WINMM.dll
0x00007ffd2ea60000 - 0x00007ffd2ea6a000 	C:\Windows\SYSTEM32\VERSION.dll
0x00007ffd32440000 - 0x00007ffd32447000 	C:\Windows\system32\PSAPI.DLL
0x00007ffd32220000 - 0x00007ffd3227a000 	C:\Windows\system32\WS2_32.dll
0x00007ffd29ab0000 - 0x00007ffd29ada000 	C:\Windows\SYSTEM32\WINMMBASE.dll
0x00007ffd31d40000 - 0x00007ffd31d49000 	C:\Windows\system32\NSI.dll
0x00007ffd31580000 - 0x00007ffd315cf000 	C:\Windows\SYSTEM32\cfgmgr32.dll
0x00007ffd302b0000 - 0x00007ffd302d8000 	C:\Windows\SYSTEM32\DEVOBJ.dll
0x000000006aeb0000 - 0x000000006aebf000 	C:\Program Files\Java\jdk1.8.0_60\jre\bin\verify.dll
0x000000006ae80000 - 0x000000006aea9000 	C:\Program Files\Java\jdk1.8.0_60\jre\bin\java.dll
0x000000006ae60000 - 0x000000006ae76000 	C:\Program Files\Java\jdk1.8.0_60\jre\bin\zip.dll

VM Arguments:
jvm_args: -Djava.awt.headless=true -Xmx1024M -Dfile.encoding=windows-1252 -Duser.country=US -Duser.language=en -Duser.variant 
java_command: com.android.dx.command.Main --dex --force-jumbo --num-threads=4 --multi-dex --output D:\MyProjects\SimplifiedCodingChat\app\build\intermediates\transforms\dex\debug\folders\1000\10\com.android.support-support-v4-23.4.0_d554e509a931912694b61b9aa76e40d00c0d4ed0 D:\MyProjects\SimplifiedCodingChat\app\build\intermediates\exploded-aar\com.android.support\support-v4\23.4.0\jars\classes.jar
java_class_path (initial): C:\Users\Belal\AppData\Local\Android\sdk\build-tools\23.0.3\lib\dx.jar
Launcher Type: SUN_STANDARD

Environment Variables:
JAVA_HOME=C:\Program Files\Java\jdk1.8.0_60
PATH=C:\MinGW\bin;C:\Program Files (x86)\Java\jre1.8.0_65\bin;C:\Program Files (x86)\Microsoft SQL Server\100\Tools\Binn\;C:\Program Files\Microsoft SQL Server\100\Tools\Binn\;C:\Program Files\Microsoft SQL Server\100\DTS\Binn\;C:\Users\Belal\AppData\Roaming\npm;C:\Windows\System32
USERNAME=Belal
OS=Windows_NT
PROCESSOR_IDENTIFIER=Intel64 Family 6 Model 58 Stepping 9, GenuineIntel



---------------  S Y S T E M  ---------------

OS: Windows 8.1 , 64 bit Build 9600 (6.3.9600.17415)

CPU:total 4 (2 cores per cpu, 2 threads per core) family 6 model 58 stepping 9, cmov, cx8, fxsr, mmx, sse, sse2, sse3, ssse3, sse4.1, sse4.2, popcnt, avx, clmul, erms, ht, tsc, tscinvbit, tscinv

Memory: 4k page, physical 8327568k(837180k free), swap 11966864k(5424k free)

vm_info: Java HotSpot(TM) 64-Bit Server VM (25.60-b23) for windows-amd64 JRE (1.8.0_60-b27), built on Aug  4 2015 11:06:27 by "java_re" with MS VC++ 10.0 (VS2010)

time: Sun May 29 18:26:03 2016
elapsed time: 0 seconds (0d 0h 0m 0s)

