JvmtiExport can_access_local_variables 0
JvmtiExport can_hotswap_or_post_breakpoint 0
JvmtiExport can_post_on_exceptions 0
# 283 ciObject found
ciMethod java/lang/Object <init> ()V 4097 1 136329 0 0
ciMethod java/util/ArrayList <init> ()V 145 1 8621 0 -1
ciMethod java/util/ArrayList add (Ljava/lang/Object;)Z 641 1 25879 0 -1
ciMethodData java/lang/Object <init> ()V 2 136329 orig 264 216 160 73 107 0 0 0 0 128 4 78 20 0 0 0 0 32 1 0 0 0 0 0 0 0 0 0 0 0 0 0 0 0 0 0 0 0 0 0 0 0 0 0 0 0 0 0 0 0 0 0 0 0 0 0 0 0 0 0 0 0 0 0 0 0 0 0 0 0 0 0 0 0 0 0 0 0 0 0 0 77 68 79 32 101 120 116 114 97 32 100 97 116 97 32 108 111 99 107 0 0 0 0 0 0 0 0 0 0 0 0 0 0 0 0 0 0 0 0 0 0 0 0 0 0 0 0 0 0 0 0 0 0 0 0 0 0 0 0 0 0 0 0 0 0 0 0 0 0 0 0 0 0 0 0 0 0 0 0 0 0 0 0 0 0 0 0 0 0 0 0 0 0 0 0 0 0 0 0 0 0 0 0 0 1 0 0 0 0 0 0 0 1 0 0 0 0 0 0 0 1 0 0 0 0 0 0 0 0 0 0 0 0 0 0 0 0 2 0 0 73 148 16 0 1 0 0 0 0 0 0 0 0 0 0 0 2 0 0 0 0 0 3 0 1 0 0 0 0 0 0 0 255 255 255 255 0 0 0 0 0 0 0 0 data 0 oops 0
ciMethodData com/android/dx/util/ByteArray getShort (I)I 1 78 orig 264 216 160 73 107 0 0 0 0 224 135 145 20 0 0 0 0 88 1 0 0 0 0 0 0 0 0 0 0 0 0 0 0 0 0 0 0 0 0 0 0 0 0 0 0 0 0 0 0 0 0 0 0 0 0 0 0 0 0 0 0 0 0 0 0 0 0 0 0 0 0 0 0 0 0 0 0 0 0 0 0 77 68 79 32 101 120 116 114 97 32 100 97 116 97 32 108 111 99 107 0 0 0 0 0 0 0 0 0 0 0 0 0 0 0 0 0 0 0 0 0 0 0 0 0 0 0 0 0 0 0 0 0 0 0 0 0 0 0 0 0 0 0 0 0 0 0 0 0 0 0 0 0 0 0 0 0 0 0 0 0 0 0 0 0 0 0 0 0 0 0 0 0 0 0 0 0 0 0 0 0 0 0 0 0 0 0 0 0 0 0 0 0 0 0 0 0 0 0 0 0 0 0 0 0 0 0 0 0 0 0 0 0 0 0 0 0 30 0 0 0 129 1 0 0 1 0 0 0 0 0 0 0 0 0 0 0 2 0 0 0 0 0 0 0 0 0 0 0 48 0 0 0 255 255 255 255 2 0 5 0 0 0 0 0 data 6 0x50002 0x30 0xa0002 0x30 0x140002 0x30 oops 0
ciMethod com/android/dx/rop/cst/Constant <init> ()V 2617 1 6817 0 0
ciMethod com/android/dx/rop/cst/TypedConstant <init> ()V 3297 1 5199 0 0
ciMethod com/android/dx/rop/cst/ConstantPool get (I)Lcom/android/dx/rop/cst/Constant; 0 0 1 0 -1
ciMethod com/android/dx/util/ByteArray getByte (I)I 0 0 416 0 0
ciMethod com/android/dx/util/ByteArray getShort (I)I 241 1 78 0 0
ciMethod com/android/dx/util/ByteArray getInt (I)I 137 1 3487 0 0
ciMethod com/android/dx/util/ByteArray getUnsignedByte (I)I 2049 1 38101 0 224
ciMethod com/android/dx/util/ByteArray getUnsignedShort (I)I 2273 1 12794 0 288
ciMethod com/android/dx/util/ByteArray checkOffsets (II)V 2049 1 6413 0 128
ciMethod com/android/dx/util/ByteArray getByte0 (I)I 2097 1 3981 0 0
ciMethod com/android/dx/util/ByteArray getUnsignedByte0 (I)I 2633 1 73619 0 96
ciMethod com/android/dx/cf/code/BytecodeArray$Visitor visitInvalid (III)V 0 0 1 0 -1
ciMethod com/android/dx/cf/code/BytecodeArray$Visitor visitNoArgs (IIILcom/android/dx/rop/type/Type;)V 0 0 1 0 -1
ciMethod com/android/dx/cf/code/BytecodeArray$Visitor visitLocal (IIIILcom/android/dx/rop/type/Type;I)V 0 0 1 0 -1
ciMethod com/android/dx/cf/code/BytecodeArray$Visitor visitConstant (IIILcom/android/dx/rop/cst/Constant;I)V 0 0 1 0 -1
ciMethod com/android/dx/cf/code/BytecodeArray$Visitor visitBranch (IIII)V 0 0 1 0 -1
ciMethod com/android/dx/cf/code/BytecodeArray$Visitor visitSwitch (IIILcom/android/dx/cf/code/SwitchList;I)V 0 0 1 0 -1
ciMethod com/android/dx/cf/code/BytecodeArray$Visitor visitNewarray (IILcom/android/dx/rop/cst/CstType;Ljava/util/ArrayList;)V 0 0 1 0 -1
ciMethod com/android/dx/cf/code/BytecodeArray$Visitor getPreviousOffset ()I 0 0 1 0 -1
ciMethod com/android/dx/rop/cst/CstInteger make (I)Lcom/android/dx/rop/cst/CstInteger; 2049 1 1821 0 0
ciMethod com/android/dx/rop/cst/CstInteger <init> (I)V 2041 1 1308 0 0
ciMethod com/android/dx/rop/cst/CstInteger getValue ()I 153 1 2169 0 0
ciMethod com/android/dx/rop/cst/CstLiteral32 <init> (I)V 2041 1 1308 0 0
ciMethod com/android/dx/rop/cst/CstLiteral32 getIntBits ()I 993 1 124 0 0
ciMethod com/android/dx/rop/cst/CstLiteralBits <init> ()V 2041 1 1309 0 0
ciMethod com/android/dx/rop/cst/CstFieldRef getType ()Lcom/android/dx/rop/type/Type; 2049 1 1259 0 -1
ciMethod com/android/dx/rop/cst/CstBaseMethodRef getPrototype (Z)Lcom/android/dx/rop/type/Prototype; 2169 1 434 0 -1
ciMethod com/android/dx/rop/cst/CstInterfaceMethodRef toMethodRef ()Lcom/android/dx/rop/cst/CstMethodRef; 193 1 36 0 -1
ciMethod com/android/dx/rop/cst/StdConstantPool get (I)Lcom/android/dx/rop/cst/Constant; 2585 1 7274 0 0
ciMethod com/android/dx/rop/cst/StdConstantPool throwInvalid (I)Lcom/android/dx/rop/cst/Constant; 0 0 1 0 -1
ciMethodData com/android/dx/util/ByteArray getUnsignedByte0 (I)I 2 73619 orig 264 216 160 73 107 0 0 0 0 232 142 145 20 0 0 0 0 40 1 0 0 0 0 0 0 0 0 0 0 0 0 0 0 0 0 0 0 0 0 0 0 0 0 0 0 0 0 0 0 0 0 0 0 0 0 0 0 0 0 0 0 0 0 0 0 0 0 0 0 0 0 0 0 0 0 0 0 0 0 0 0 77 68 79 32 101 120 116 114 97 32 100 97 116 97 32 108 111 99 107 0 0 0 0 0 0 0 0 0 0 0 0 0 0 0 0 0 0 0 0 0 0 0 0 0 0 0 0 0 0 0 0 0 0 0 0 0 0 0 0 0 0 0 0 0 0 0 0 0 0 0 0 0 0 0 0 0 0 0 0 0 0 0 0 0 0 0 0 0 0 0 0 0 0 0 0 0 0 0 0 0 0 0 0 0 1 0 0 0 0 0 0 0 0 0 0 0 0 0 0 0 1 0 0 0 0 0 0 0 0 0 0 0 0 0 0 0 73 1 0 0 81 242 8 0 1 0 0 0 0 0 0 0 0 0 0 0 2 0 0 0 0 0 3 0 1 0 0 0 0 0 0 0 255 255 255 255 0 0 0 0 0 0 0 0 data 0 oops 0
ciMethodData com/android/dx/util/ByteArray checkOffsets (II)V 2 6413 orig 264 216 160 73 107 0 0 0 0 96 141 145 20 0 0 0 0 40 3 0 0 64 0 0 0 0 0 0 0 0 0 0 0 0 0 0 0 0 0 0 0 0 0 0 0 0 0 0 0 0 0 0 0 0 0 0 0 0 0 0 0 0 0 0 0 0 0 0 0 0 0 0 0 0 0 0 0 0 0 0 0 77 68 79 32 101 120 116 114 97 32 100 97 116 97 32 108 111 99 107 0 0 0 0 0 0 0 0 0 0 0 0 0 0 0 0 0 0 0 0 0 0 0 0 0 0 0 0 0 0 0 0 0 0 0 0 0 0 0 0 0 0 0 0 0 0 0 0 0 0 0 0 0 0 0 0 0 0 0 0 0 0 0 0 0 0 0 0 0 0 0 0 0 0 0 0 0 0 0 0 0 0 0 0 0 25 0 0 0 0 0 0 0 0 0 0 0 0 0 0 0 1 0 0 0 0 0 0 0 0 0 0 0 0 0 0 0 0 1 0 0 105 192 0 0 1 0 0 0 0 0 0 0 0 0 0 0 2 0 0 0 0 0 10 0 2 0 0 0 208 1 0 0 255 255 255 255 7 0 1 0 0 0 0 0 data 58 0x10007 0x0 0x60 0x180d 0x60007 0x0 0x40 0x180d 0xe0007 0x180d 0x190 0x0 0x190002 0x0 0x1e0005 0x0 0x0 0x0 0x0 0x0 0x220005 0x0 0x0 0x0 0x0 0x0 0x270005 0x0 0x0 0x0 0x0 0x0 0x2b0005 0x0 0x0 0x0 0x0 0x0 0x300005 0x0 0x0 0x0 0x0 0x0 0x370005 0x0 0x0 0x0 0x0 0x0 0x3a0005 0x0 0x0 0x0 0x0 0x0 0x3d0002 0x0 oops 0
ciMethod com/android/dx/rop/type/Type getBasicFrameType ()I 4097 1 1718 0 -1
ciMethod com/android/dx/rop/type/Type isCategory1 ()Z 1409 1 192 0 -1
ciMethod com/android/dx/rop/type/Type isCategory2 ()Z 2817 1 389 0 -1
ciMethod com/android/dx/rop/type/Type isArrayOrKnownNull ()Z 0 0 1 0 -1
ciMethod com/android/dx/rop/type/Type getComponentType ()Lcom/android/dx/rop/type/Type; 1473 1 451 0 -1
ciMethod com/android/dx/rop/type/Prototype internInts (Lcom/android/dx/rop/type/Type;I)Lcom/android/dx/rop/type/Prototype; 0 0 1 0 -1
ciMethodData com/android/dx/util/ByteArray getUnsignedByte (I)I 2 38104 orig 264 216 160 73 107 0 0 0 0 160 138 145 20 0 0 0 0 72 1 0 0 0 0 0 0 0 0 0 0 0 0 0 0 0 0 0 0 0 0 0 0 0 0 0 0 0 0 0 0 0 0 0 0 0 0 0 0 0 0 0 0 0 0 0 0 0 0 0 0 0 0 0 0 0 0 0 0 0 0 0 0 77 68 79 32 101 120 116 114 97 32 100 97 116 97 32 108 111 99 107 0 0 0 0 0 0 0 0 0 0 0 0 0 0 0 0 0 0 0 0 0 0 0 0 0 0 0 0 0 0 0 0 0 0 0 0 0 0 0 0 0 0 0 0 0 0 0 0 0 0 0 0 0 0 0 0 0 0 0 0 0 0 0 0 0 0 0 0 0 0 0 0 0 0 0 0 0 0 0 0 0 0 0 0 0 17 0 0 0 0 0 0 0 0 0 0 0 0 0 0 0 1 0 0 0 0 0 0 0 0 0 0 0 0 0 0 0 0 1 0 0 193 158 4 0 1 0 0 0 0 0 0 0 0 0 0 0 2 0 0 0 0 0 3 0 2 0 0 0 32 0 0 0 255 255 255 255 2 0 5 0 0 0 0 0 data 4 0x50002 0x93da 0xa0002 0x93d8 oops 0
ciMethodData com/android/dx/util/ByteArray getUnsignedShort (I)I 2 12815 orig 264 216 160 73 107 0 0 0 0 104 139 145 20 0 0 0 0 88 1 0 0 0 0 0 0 0 0 0 0 0 0 0 0 0 0 0 0 0 0 0 0 0 0 0 0 0 0 0 0 0 0 0 0 0 0 0 0 0 0 0 0 0 0 0 0 0 0 0 0 0 0 0 0 0 0 0 0 0 0 0 0 77 68 79 32 101 120 116 114 97 32 100 97 116 97 32 108 111 99 107 0 0 0 0 0 0 0 0 0 0 0 0 0 0 0 0 0 0 0 0 0 0 0 0 0 0 0 0 0 0 0 0 0 0 0 0 0 0 0 0 0 0 0 0 0 0 0 0 0 0 0 0 0 0 0 0 0 0 0 0 0 0 0 0 0 0 0 0 0 0 0 0 0 0 0 0 0 0 0 0 0 0 0 0 0 0 0 0 0 0 0 0 0 0 0 0 0 0 0 0 0 0 0 0 0 0 0 0 0 0 0 0 0 0 0 0 0 28 1 0 0 153 135 1 0 1 0 0 0 0 0 0 0 0 0 0 0 2 0 0 0 0 0 3 0 2 0 0 0 48 0 0 0 255 255 255 255 2 0 5 0 0 0 0 0 data 6 0x50002 0x30f4 0xa0002 0x30f4 0x140002 0x30f4 oops 0
ciMethod com/android/dx/cf/code/BytecodeArray parseInstruction (ILcom/android/dx/cf/code/BytecodeArray$Visitor;)I 3097 1 5507 0 -1
ciMethod com/android/dx/cf/code/BytecodeArray parseTableswitch (ILcom/android/dx/cf/code/BytecodeArray$Visitor;)I 0 0 1 0 0
ciMethod com/android/dx/cf/code/BytecodeArray parseLookupswitch (ILcom/android/dx/cf/code/BytecodeArray$Visitor;)I 1 1 48 0 0
ciMethod com/android/dx/cf/code/BytecodeArray parseNewarray (ILcom/android/dx/cf/code/BytecodeArray$Visitor;)I 1 1 58 0 0
ciMethod com/android/dx/cf/code/BytecodeArray parseWide (ILcom/android/dx/cf/code/BytecodeArray$Visitor;)I 0 0 1 0 0
ciMethod com/android/dx/cf/code/ByteCatchList listFor (I)Lcom/android/dx/cf/code/ByteCatchList; 4097 1 898 0 -1
ciMethod com/android/dx/cf/code/ByteCatchList toTargetList (I)Lcom/android/dx/util/IntList; 4097 1 898 0 -1
ciMethod com/android/dx/cf/code/LocalVariableList pcAndIndexToLocal (II)Lcom/android/dx/cf/code/LocalVariableList$Item; 4097 961 548 0 -1
ciMethod com/android/dx/cf/code/LocalVariableList$Item getLocalItem ()Lcom/android/dx/rop/code/LocalItem; 105 1 13 0 -1
ciMethod com/android/dx/cf/code/LocalVariableList$Item getType ()Lcom/android/dx/rop/type/Type; 209 1 26 0 -1
ciMethodData com/android/dx/util/ByteArray getInt (I)I 2 3487 orig 264 216 160 73 107 0 0 0 0 184 136 145 20 0 0 0 0 120 1 0 0 0 0 0 0 0 0 0 0 0 0 0 0 0 0 0 0 0 0 0 0 0 0 0 0 0 0 0 0 0 0 0 0 0 0 0 0 0 0 0 0 0 0 0 0 0 0 0 0 0 0 0 0 0 0 0 0 0 0 0 0 77 68 79 32 101 120 116 114 97 32 100 97 116 97 32 108 111 99 107 0 0 0 0 0 0 0 0 0 0 0 0 0 0 0 0 0 0 0 0 0 0 0 0 0 0 0 0 0 0 0 0 0 0 0 0 0 0 0 0 0 0 0 0 0 0 0 0 0 0 0 0 0 0 0 0 0 0 0 0 0 0 0 0 0 0 0 0 0 0 0 0 0 0 0 0 0 0 0 0 0 0 0 0 0 17 0 0 0 0 0 0 0 0 0 0 0 0 0 0 0 1 0 0 0 0 0 0 0 0 0 0 0 0 0 0 0 17 0 0 0 113 108 0 0 1 0 0 0 0 0 0 0 0 0 0 0 2 0 0 0 0 0 3 0 2 0 0 0 80 0 0 0 255 255 255 255 2 0 5 0 0 0 0 0 data 10 0x50002 0xd8e 0xa0002 0xd8e 0x140002 0xd8e 0x1f0002 0xd8f 0x2a0002 0xd8f oops 0
ciMethodData com/android/dx/rop/cst/Constant <init> ()V 2 6817 orig 264 216 160 73 107 0 0 0 0 224 127 143 20 0 0 0 0 48 1 0 0 0 0 0 0 0 0 0 0 0 0 0 0 0 0 0 0 0 0 0 0 0 0 0 0 0 0 0 0 0 0 0 0 0 0 0 0 0 0 0 0 0 0 0 0 0 0 0 0 0 0 0 0 0 0 0 0 0 0 0 0 77 68 79 32 101 120 116 114 97 32 100 97 116 97 32 108 111 99 107 0 0 0 0 0 0 0 0 0 0 0 0 0 0 0 0 0 0 0 0 0 0 0 0 0 0 0 0 0 0 0 0 0 0 0 0 0 0 0 0 0 0 0 0 0 0 0 0 0 0 0 0 0 0 0 0 0 0 0 0 0 0 0 0 0 0 0 0 0 0 0 0 0 0 0 0 0 0 0 0 0 0 0 0 0 0 0 0 0 0 0 0 0 0 0 0 0 0 0 0 0 0 0 0 0 0 0 0 0 0 0 0 0 0 0 0 0 71 1 0 0 209 202 0 0 1 0 0 0 0 0 0 0 0 0 0 0 2 0 0 0 0 0 3 0 2 0 0 0 16 0 0 0 255 255 255 255 2 0 1 0 0 0 0 0 data 2 0x10002 0x195a oops 0
ciMethodData com/android/dx/rop/cst/TypedConstant <init> ()V 2 5199 orig 264 216 160 73 107 0 0 0 0 232 161 143 20 0 0 0 0 48 1 0 0 0 0 0 0 0 0 0 0 0 0 0 0 0 0 0 0 0 0 0 0 0 0 0 0 0 0 0 0 0 0 0 0 0 0 0 0 0 0 0 0 0 0 0 0 0 0 0 0 0 0 0 0 0 0 0 0 0 0 0 0 77 68 79 32 101 120 116 114 97 32 100 97 116 97 32 108 111 99 107 0 0 0 0 0 0 0 0 0 0 0 0 0 0 0 0 0 0 0 0 0 0 0 0 0 0 0 0 0 0 0 0 0 0 0 0 0 0 0 0 0 0 0 0 0 0 0 0 0 0 0 0 0 0 0 0 0 0 0 0 0 0 0 0 0 0 0 0 0 0 0 0 0 0 0 0 0 0 0 0 0 0 0 0 0 0 0 0 0 0 0 0 0 0 0 0 0 0 0 0 0 0 0 0 0 0 0 0 0 0 0 0 0 0 0 0 0 155 1 0 0 153 149 0 0 1 0 0 0 0 0 0 0 0 0 0 0 2 0 0 0 0 0 3 0 2 0 0 0 16 0 0 0 255 255 255 255 2 0 1 0 0 0 0 0 data 2 0x10002 0x12b3 oops 0
ciMethodData com/android/dx/util/ByteArray getByte0 (I)I 2 3981 orig 264 216 160 73 107 0 0 0 0 48 142 145 20 0 0 0 0 40 1 0 0 0 0 0 0 0 0 0 0 0 0 0 0 0 0 0 0 0 0 0 0 0 0 0 0 0 0 0 0 0 0 0 0 0 0 0 0 0 0 0 0 0 0 0 0 0 0 0 0 0 0 0 0 0 0 0 0 0 0 0 0 77 68 79 32 101 120 116 114 97 32 100 97 116 97 32 108 111 99 107 0 0 0 0 0 0 0 0 0 0 0 0 0 0 0 0 0 0 0 0 0 0 0 0 0 0 0 0 0 0 0 0 0 0 0 0 0 0 0 0 0 0 0 0 0 0 0 0 0 0 0 0 0 0 0 0 0 0 0 0 0 0 0 0 0 0 0 0 0 0 0 0 0 0 0 0 0 0 0 0 0 0 0 0 0 1 0 0 0 0 0 0 0 0 0 0 0 0 0 0 0 1 0 0 0 0 0 0 0 0 0 0 0 0 0 0 0 6 1 0 0 57 116 0 0 1 0 0 0 0 0 0 0 0 0 0 0 2 0 0 0 0 0 3 0 1 0 0 0 0 0 0 0 255 255 255 255 0 0 0 0 0 0 0 0 data 0 oops 0
ciMethodData com/android/dx/rop/cst/StdConstantPool get (I)Lcom/android/dx/rop/cst/Constant; 2 7274 orig 264 216 160 73 107 0 0 0 0 112 103 146 20 0 0 0 0 144 1 0 0 32 0 0 0 0 0 0 0 0 0 0 0 0 0 0 0 0 0 0 0 0 0 0 0 0 0 0 0 0 0 0 0 0 0 0 0 0 0 0 0 0 0 0 0 0 0 0 0 0 0 0 0 0 0 0 0 0 0 0 0 77 68 79 32 101 120 116 114 97 32 100 97 116 97 32 108 111 99 107 0 0 0 0 0 0 0 0 0 0 0 0 0 0 0 0 0 0 0 0 0 0 0 0 0 0 0 0 0 0 0 0 0 0 0 0 0 0 0 0 0 0 0 0 0 0 0 0 0 0 0 0 0 0 0 0 0 0 0 0 0 0 0 0 0 0 0 0 0 0 0 0 0 0 0 0 0 0 0 0 0 0 0 0 0 0 0 0 0 0 0 0 0 0 0 0 0 0 0 0 0 0 0 0 0 0 0 0 0 0 0 0 0 0 0 0 0 65 1 0 0 57 217 0 0 1 0 0 0 0 0 0 0 0 0 0 0 2 0 0 0 0 0 7 0 2 0 0 0 64 0 0 0 255 255 255 255 7 0 8 0 0 0 0 0 data 8 0x80007 0x1b28 0x30 0x0 0xc0002 0x0 0x140002 0x0 oops 0
ciMethodData com/android/dx/rop/cst/CstInteger make (I)Lcom/android/dx/rop/cst/CstInteger; 2 1821 orig 264 216 160 73 107 0 0 0 0 160 237 145 20 0 0 0 0 248 1 0 0 80 0 0 0 0 0 0 0 0 0 0 0 0 0 0 0 0 0 0 0 0 0 0 0 0 0 0 0 0 0 0 0 0 0 0 0 0 0 0 0 0 0 0 0 0 0 0 0 0 0 0 0 0 0 0 0 0 0 0 0 77 68 79 32 101 120 116 114 97 32 100 97 116 97 32 108 111 99 107 0 0 0 0 0 0 0 0 0 0 0 0 0 0 0 0 0 0 0 0 0 0 0 0 0 0 0 0 0 0 0 0 0 0 0 0 0 0 0 0 0 0 0 0 0 0 0 0 0 0 0 0 0 0 0 0 0 0 0 0 0 0 0 0 0 0 0 0 0 0 0 0 0 0 0 0 0 0 0 0 0 0 0 0 0 0 0 0 0 0 0 0 0 0 0 0 0 0 0 0 0 0 0 0 0 0 0 0 0 0 0 0 0 0 0 0 0 0 1 0 0 233 48 0 0 1 0 0 0 0 0 0 0 0 0 0 0 2 0 0 0 0 0 8 0 2 0 0 0 176 0 0 0 255 255 255 255 7 0 17 0 0 0 0 0 data 22 0x110007 0xf8 0x70 0x525 0x150005 0x1 0x169454c0 0x524 0x0 0x0 0x190007 0x324 0x20 0x201 0x230002 0x41c 0x2c0004 0x0 0x169454c0 0x41c 0x0 0x0 oops 2 6 com/android/dx/rop/cst/CstInteger 18 com/android/dx/rop/cst/CstInteger
ciMethodData com/android/dx/rop/cst/CstInteger getValue ()I 2 2175 orig 264 216 160 73 107 0 0 0 0 200 241 145 20 0 0 0 0 120 1 0 0 0 0 0 0 0 0 0 0 0 0 0 0 0 0 0 0 0 0 0 0 0 0 0 0 0 0 0 0 0 0 0 0 0 0 0 0 0 0 0 0 0 0 0 0 0 0 0 0 0 0 0 0 0 0 0 0 0 0 0 0 77 68 79 32 101 120 116 114 97 32 100 97 116 97 32 108 111 99 107 0 0 0 0 0 0 0 0 0 0 0 0 0 0 0 0 0 0 0 0 0 0 0 0 0 0 0 0 0 0 0 0 0 0 0 0 0 0 0 0 0 0 0 0 0 0 0 0 0 0 0 0 0 0 0 0 0 0 0 0 0 0 0 0 0 0 0 0 0 0 0 0 0 0 0 0 0 0 0 0 0 0 0 0 0 0 0 0 0 0 0 0 0 0 0 0 0 0 0 0 0 0 0 0 0 0 0 0 0 0 0 0 0 0 0 0 0 19 0 0 0 97 67 0 0 1 0 0 0 0 0 0 0 0 0 0 0 2 0 0 0 0 0 3 0 2 0 0 0 48 0 0 0 255 255 255 255 5 0 1 0 0 0 0 0 data 6 0x10005 0x69 0x169454c0 0x803 0x0 0x0 oops 1 2 com/android/dx/rop/cst/CstInteger
ciMethodData com/android/dx/rop/cst/CstInteger <init> (I)V 2 1308 orig 264 216 160 73 107 0 0 0 0 104 238 145 20 0 0 0 0 56 1 0 0 0 0 0 0 0 0 0 0 0 0 0 0 0 0 0 0 0 0 0 0 0 0 0 0 0 0 0 0 0 0 0 0 0 0 0 0 0 0 0 0 0 0 0 0 0 0 0 0 0 0 0 0 0 0 0 0 0 0 0 0 77 68 79 32 101 120 116 114 97 32 100 97 116 97 32 108 111 99 107 0 0 0 0 0 0 0 0 0 0 0 0 0 0 0 0 0 0 0 0 0 0 0 0 0 0 0 0 0 0 0 0 0 0 0 0 0 0 0 0 0 0 0 0 0 0 0 0 0 0 0 0 0 0 0 0 0 0 0 0 0 0 0 0 0 0 0 0 0 0 0 0 0 0 0 0 0 0 0 0 0 0 0 0 0 0 0 0 0 0 0 0 0 0 0 0 0 0 0 0 0 0 0 0 0 0 0 0 0 0 0 0 0 0 0 0 0 255 0 0 0 233 32 0 0 1 0 0 0 0 0 0 0 0 0 0 0 2 0 0 0 0 0 0 0 0 0 0 0 16 0 0 0 255 255 255 255 2 0 2 0 0 0 0 0 data 2 0x20002 0x41d oops 0
ciMethodData com/android/dx/rop/cst/CstLiteral32 <init> (I)V 2 1308 orig 264 216 160 73 107 0 0 0 0 152 245 145 20 0 0 0 0 56 1 0 0 0 0 0 0 0 0 0 0 0 0 0 0 0 0 0 0 0 0 0 0 0 0 0 0 0 0 0 0 0 0 0 0 0 0 0 0 0 0 0 0 0 0 0 0 0 0 0 0 0 0 0 0 0 0 0 0 0 0 0 0 77 68 79 32 101 120 116 114 97 32 100 97 116 97 32 108 111 99 107 0 0 0 0 0 0 0 0 0 0 0 0 0 0 0 0 0 0 0 0 0 0 0 0 0 0 0 0 0 0 0 0 0 0 0 0 0 0 0 0 0 0 0 0 0 0 0 0 0 0 0 0 0 0 0 0 0 0 0 0 0 0 0 0 0 0 0 0 0 0 0 0 0 0 0 0 0 0 0 0 0 0 0 0 0 0 0 0 0 0 0 0 0 0 0 0 0 0 0 0 0 0 0 0 0 0 0 0 0 0 0 0 0 0 0 0 0 255 0 0 0 233 32 0 0 1 0 0 0 0 0 0 0 0 0 0 0 2 0 0 0 0 0 0 0 0 0 0 0 16 0 0 0 255 255 255 255 2 0 1 0 0 0 0 0 data 2 0x10002 0x41d oops 0
ciMethodData com/android/dx/rop/cst/CstLiteralBits <init> ()V 2 1309 orig 264 216 160 73 107 0 0 0 0 240 252 145 20 0 0 0 0 48 1 0 0 0 0 0 0 0 0 0 0 0 0 0 0 0 0 0 0 0 0 0 0 0 0 0 0 0 0 0 0 0 0 0 0 0 0 0 0 0 0 0 0 0 0 0 0 0 0 0 0 0 0 0 0 0 0 0 0 0 0 0 0 77 68 79 32 101 120 116 114 97 32 100 97 116 97 32 108 111 99 107 0 0 0 0 0 0 0 0 0 0 0 0 0 0 0 0 0 0 0 0 0 0 0 0 0 0 0 0 0 0 0 0 0 0 0 0 0 0 0 0 0 0 0 0 0 0 0 0 0 0 0 0 0 0 0 0 0 0 0 0 0 0 0 0 0 0 0 0 0 0 0 0 0 0 0 0 0 0 0 0 0 0 0 0 0 0 0 0 0 0 0 0 0 0 0 0 0 0 0 0 0 0 0 0 0 0 0 0 0 0 0 0 0 0 0 0 0 255 0 0 0 241 32 0 0 1 0 0 0 0 0 0 0 0 0 0 0 2 0 0 0 0 0 0 0 0 0 0 0 16 0 0 0 255 255 255 255 2 0 1 0 0 0 0 0 data 2 0x10002 0x41e oops 0
ciMethodData com/android/dx/util/ByteArray getByte (I)I 1 416 orig 264 216 160 73 107 0 0 0 0 24 135 145 20 0 0 0 0 72 1 0 0 0 0 0 0 0 0 0 0 0 0 0 0 0 0 0 0 0 0 0 0 0 0 0 0 0 0 0 0 0 0 0 0 0 0 0 0 0 0 0 0 0 0 0 0 0 0 0 0 0 0 0 0 0 0 0 0 0 0 0 0 77 68 79 32 101 120 116 114 97 32 100 97 116 97 32 108 111 99 107 0 0 0 0 0 0 0 0 0 0 0 0 0 0 0 0 0 0 0 0 0 0 0 0 0 0 0 0 0 0 0 0 0 0 0 0 0 0 0 0 0 0 0 0 0 0 0 0 0 0 0 0 0 0 0 0 0 0 0 0 0 0 0 0 0 0 0 0 0 0 0 0 0 0 0 0 0 0 0 0 0 0 0 0 0 0 0 0 0 0 0 0 0 0 0 0 0 0 0 0 0 0 0 0 0 0 0 0 0 0 0 0 0 0 0 0 0 0 0 0 0 1 13 0 0 1 0 0 0 0 0 0 0 0 0 0 0 2 0 0 0 0 0 0 0 0 0 0 0 32 0 0 0 255 255 255 255 2 0 5 0 0 0 0 0 data 4 0x50002 0x1a0 0xa0002 0x1a0 oops 0
ciMethod com/android/dx/cf/code/ConcreteMethod getCatches ()Lcom/android/dx/cf/code/ByteCatchList; 3673 1 1843 0 -1
ciMethod com/android/dx/cf/code/Machine clearArgs ()V 0 0 1 0 -1
ciMethod com/android/dx/cf/code/Machine popArgs (Lcom/android/dx/cf/code/Frame;I)V 0 0 1 0 -1
ciMethod com/android/dx/cf/code/Machine popArgs (Lcom/android/dx/cf/code/Frame;Lcom/android/dx/rop/type/Prototype;)V 0 0 1 0 -1
ciMethod com/android/dx/cf/code/Machine popArgs (Lcom/android/dx/cf/code/Frame;Lcom/android/dx/rop/type/Type;)V 0 0 1 0 -1
ciMethod com/android/dx/cf/code/Machine popArgs (Lcom/android/dx/cf/code/Frame;Lcom/android/dx/rop/type/Type;Lcom/android/dx/rop/type/Type;)V 0 0 1 0 -1
ciMethod com/android/dx/cf/code/Machine popArgs (Lcom/android/dx/cf/code/Frame;Lcom/android/dx/rop/type/Type;Lcom/android/dx/rop/type/Type;Lcom/android/dx/rop/type/Type;)V 0 0 1 0 -1
ciMethod com/android/dx/cf/code/Machine localArg (Lcom/android/dx/cf/code/Frame;I)V 0 0 1 0 -1
ciMethod com/android/dx/cf/code/Machine localInfo (Z)V 0 0 1 0 -1
ciMethod com/android/dx/cf/code/Machine auxType (Lcom/android/dx/rop/type/Type;)V 0 0 1 0 -1
ciMethod com/android/dx/cf/code/Machine auxIntArg (I)V 0 0 1 0 -1
ciMethod com/android/dx/cf/code/Machine auxCstArg (Lcom/android/dx/rop/cst/Constant;)V 0 0 1 0 -1
ciMethod com/android/dx/cf/code/Machine auxTargetArg (I)V 0 0 1 0 -1
ciMethod com/android/dx/cf/code/Machine localTarget (ILcom/android/dx/rop/type/Type;Lcom/android/dx/rop/code/LocalItem;)V 0 0 1 0 -1
ciMethod com/android/dx/cf/code/Machine run (Lcom/android/dx/cf/code/Frame;II)V 0 0 1 0 -1
ciMethod com/android/dx/cf/code/BasicBlocker visitNoArgs (IIILcom/android/dx/rop/type/Type;)V 4097 1 598 0 0
ciMethod com/android/dx/cf/code/BasicBlocker visitLocal (IIIILcom/android/dx/rop/type/Type;I)V 3201 1 467 0 0
ciMethod com/android/dx/cf/code/BasicBlocker visitConstant (IIILcom/android/dx/rop/cst/Constant;I)V 4097 1 1020 0 0
ciMethod com/android/dx/cf/code/BasicBlocker visitBranch (IIII)V 313 1 39 0 0
ciMethod com/android/dx/cf/code/BasicBlocker addWorkIfNecessary (IZ)V 3881 1 3047 0 0
ciMethod com/android/dx/cf/code/BasicBlocker visitCommon (IIZ)V 2297 1 2177 0 0
ciMethod com/android/dx/cf/code/BasicBlocker visitThrowing (IIZ)V 4097 1 898 0 0
ciMethodData com/android/dx/cf/code/ByteOps opInfo (I)I 2 5515 orig 264 216 160 73 107 0 0 0 0 48 115 154 20 0 0 0 0 32 1 0 0 0 0 0 0 0 0 0 0 0 0 0 0 0 0 0 0 0 0 0 0 0 0 0 0 0 0 0 0 0 0 0 0 0 0 0 0 0 0 0 0 0 0 0 0 0 0 0 0 0 0 0 0 0 0 0 0 0 0 0 0 77 68 79 32 101 120 116 114 97 32 100 97 116 97 32 108 111 99 107 0 0 0 0 0 0 0 0 0 0 0 0 0 0 0 0 0 0 0 0 0 0 0 0 0 0 0 0 0 0 0 0 0 0 0 0 0 0 0 0 0 0 0 0 0 0 0 0 0 0 0 0 0 0 0 0 0 0 0 0 0 0 0 0 0 0 0 0 0 0 0 0 0 0 0 0 0 0 0 0 0 0 0 0 0 0 0 0 0 0 0 0 0 0 0 0 0 0 0 0 0 0 0 0 0 0 0 0 0 0 0 0 0 0 0 0 0 131 1 0 0 65 160 0 0 1 0 0 0 0 0 0 0 0 0 0 0 2 0 0 0 0 0 3 0 1 0 0 0 0 0 0 0 255 255 255 255 0 0 0 0 0 0 0 0 data 0 oops 0
ciMethod com/android/dx/util/Bits get ([II)Z 2241 1 8542 0 128
ciMethod com/android/dx/util/Bits set ([II)V 2049 1 7771 0 128
ciMethod com/android/dx/util/IntList makeImmutable (I)Lcom/android/dx/util/IntList; 4097 1 1671 0 -1
ciMethod com/android/dx/util/IntList makeImmutable (II)Lcom/android/dx/util/IntList; 209 1 26 0 -1
ciMethod com/android/dx/cf/code/ByteOps opInfo (I)I 3097 1 5512 0 0
ciMethodData com/android/dx/util/Bits set ([II)V 2 7771 orig 264 216 160 73 107 0 0 0 0 120 40 154 20 0 0 0 0 40 1 0 0 0 0 0 0 0 0 0 0 0 0 0 0 0 0 0 0 0 0 0 0 0 0 0 0 0 0 0 0 0 0 0 0 0 0 0 0 0 0 0 0 0 0 0 0 0 0 0 0 0 0 0 0 0 0 0 0 0 0 0 0 77 68 79 32 101 120 116 114 97 32 100 97 116 97 32 108 111 99 107 0 0 0 0 0 0 0 0 0 0 0 0 0 0 0 0 0 0 0 0 0 0 0 0 0 0 0 0 0 0 0 0 0 0 0 0 0 0 0 0 0 0 0 0 0 0 0 0 0 0 0 0 0 0 0 0 0 0 0 0 0 0 0 0 0 0 0 0 0 0 0 0 0 0 0 0 0 0 0 0 0 0 0 0 0 0 0 0 0 0 0 0 0 0 0 0 0 0 0 0 0 0 0 0 0 0 0 0 0 0 0 0 0 0 0 0 0 0 1 0 0 217 234 0 0 1 0 0 0 0 0 0 0 0 0 0 0 2 0 0 0 0 0 3 0 1 0 0 0 0 0 0 0 255 255 255 255 0 0 0 0 0 0 0 0 data 0 oops 0
ciMethodData com/android/dx/util/Bits get ([II)Z 2 8542 orig 264 216 160 73 107 0 0 0 0 120 38 154 20 0 0 0 0 96 1 0 0 0 0 0 0 0 0 0 0 0 0 0 0 0 0 0 0 0 0 0 0 0 0 0 0 0 0 0 0 0 0 0 0 0 0 0 0 0 0 0 0 0 0 0 0 0 0 0 0 0 0 0 0 0 0 0 0 0 0 0 0 77 68 79 32 101 120 116 114 97 32 100 97 116 97 32 108 111 99 107 0 0 0 0 0 0 0 0 0 0 0 0 0 0 0 0 0 0 0 0 0 0 0 0 0 0 0 0 0 0 0 0 0 0 0 0 0 0 0 0 0 0 0 0 0 0 0 0 0 0 0 0 0 0 0 0 0 0 0 0 0 0 0 0 0 0 0 0 0 0 0 0 0 0 0 0 0 0 0 0 0 0 0 0 0 0 0 0 0 0 0 0 0 0 0 0 0 0 0 0 0 0 0 0 0 0 0 0 0 0 0 0 0 0 0 0 0 24 1 0 0 49 2 1 0 1 0 0 0 0 0 0 0 0 0 0 0 2 0 0 0 0 0 6 0 2 0 0 0 56 0 0 0 255 255 255 255 7 0 16 0 0 0 0 0 data 7 0x100007 0x14de 0x38 0xb68 0x140003 0xb68 0x18 oops 0
ciMethod com/android/dx/cf/code/BaseMachine throwLocalMismatch (Lcom/android/dx/rop/type/TypeBearer;Lcom/android/dx/rop/type/TypeBearer;)V 0 0 1 0 -1
ciMethod com/android/dx/cf/code/Simulator access$100 ()Lcom/android/dx/cf/code/SimException; 0 0 1 0 -1
ciMethod com/android/dx/cf/code/Simulator access$200 (Lcom/android/dx/rop/type/Type;Lcom/android/dx/rop/type/Type;)Lcom/android/dx/rop/type/Type; 1137 1 158 0 -1
ciMethod com/android/dx/cf/code/Simulator access$300 (Lcom/android/dx/cf/code/Simulator;)Lcom/android/dx/cf/code/LocalVariableList; 1337 1 167 0 -1
ciMethod com/android/dx/cf/code/Simulator$SimVisitor visitInvalid (III)V 0 0 1 0 -1
ciMethod com/android/dx/cf/code/Simulator$SimVisitor visitNoArgs (IIILcom/android/dx/rop/type/Type;)V 4097 1 569 0 0
ciMethod com/android/dx/cf/code/Simulator$SimVisitor checkReturnType (Lcom/android/dx/rop/type/Type;)V 1313 1 183 0 -1
ciMethod com/android/dx/cf/code/Simulator$SimVisitor visitLocal (IIIILcom/android/dx/rop/type/Type;I)V 3849 1 464 0 0
ciMethod com/android/dx/cf/code/Simulator$SimVisitor visitConstant (IIILcom/android/dx/rop/cst/Constant;I)V 4105 1 1007 0 0
ciMethod com/android/dx/cf/code/Simulator$SimVisitor visitBranch (IIII)V 313 1 39 0 0
ciMethod com/android/dx/cf/code/Frame getStack ()Lcom/android/dx/cf/code/ExecutionStack; 1289 1 161 0 -1
ciMethod com/android/dx/cf/code/ExecutionStack peekLocal (I)Z 705 1 96 0 -1
ciMethod com/android/dx/cf/code/ExecutionStack peekType (I)Lcom/android/dx/rop/type/Type; 3953 1 546 0 -1
ciMethodData com/android/dx/cf/code/BytecodeArray parseInstruction (ILcom/android/dx/cf/code/BytecodeArray$Visitor;)I 2 5507 orig 264 216 160 73 107 0 0 0 0 240 221 147 20 0 0 0 0 0 40 0 0 224 35 0 0 0 0 0 0 0 0 0 0 0 0 0 0 0 0 0 0 0 0 0 0 0 0 0 0 0 0 0 0 0 0 0 0 0 0 0 0 0 0 0 0 0 0 0 0 0 0 0 0 0 0 0 0 0 0 0 0 77 68 79 32 101 120 116 114 97 32 100 97 116 97 32 108 111 99 107 0 0 0 0 0 0 0 0 0 0 0 0 0 0 0 0 0 0 0 0 0 0 0 0 0 0 0 0 0 0 0 0 0 0 0 0 0 0 0 0 0 0 0 0 0 0 0 0 0 0 0 0 0 0 0 0 0 0 0 0 0 0 0 0 0 0 0 0 0 0 0 0 0 0 0 0 0 0 0 0 0 0 0 0 0 0 0 0 0 0 0 0 0 0 0 0 0 0 0 0 0 0 0 0 0 0 0 0 0 0 0 0 0 0 0 0 0 131 1 0 0 1 160 0 0 1 0 0 0 0 0 0 0 0 0 0 0 2 0 0 0 0 0 239 0 2 0 0 0 40 38 0 0 255 255 255 255 7 0 1 0 0 0 0 0 data 1221 0x10007 0x13f6 0x20 0x0 0xd0005 0x0 0x16945150 0x1403 0x0 0x0 0x120002 0x1405 0x1f0008 0x196 0x0 0x23c8 0x0 0xcc0 0x0 0xcf0 0x0 0xd20 0x0 0xd50 0x0 0xd80 0x0 0xdb0 0x0 0xde0 0x0 0xe10 0x0 0xe40 0x0 0xe70 0x0 0xea0 0x0 0xed0 0x0 0xf00 0x0 0xf30 0x0 0xf60 0x0 0xf90 0x0 0xfc0 0x0 0x1030 0x0 0x10a0 0x0 0x11f8 0x0 0x1350 0x0 0x13e0 0x0 0x1440 0x0 0x14a0 0x0 0x1500 0x0 0x1560 0x0 0x15c0 0x0 0x15c0 0x0 0x15c0 0x0 0x15c0 0x0 0x15f0 0x0 0x15f0 0x0 0x15f0 0x0 0x15f0 0x0 0x1620 0x0 0x1620 0x0 0x1620 0x0 0x1620 0x0 0x1650 0x0 0x1650 0x0 0x1650 0x0 0x1650 0x0 0x1680 0x0 0x1680 0x0 0x1680 0x0 0x1680 0x0 0x16b0 0x0 0x16e0 0x0 0x1710 0x0 0x1740 0x0 0x1770 0x0 0x17a0 0x0 0x17d0 0x0 0x1800 0x0 0x1830 0x0 0x1890 0x0 0x18f0 0x0 0x1950 0x0 0x19b0 0x0 0x1a10 0x0 0x1a10 0x0 0x1a10 0x0 0x1a10 0x0 0x1a40 0x0 0x1a40 0x0 0x1a40 0x0 0x1a40 0x0 0x1a70 0x0 0x1a70 0x0 0x1a70 0x0 0x1a70 0x0 0x1aa0 0x0 0x1aa0 0x0 0x1aa0 0x0 0x1aa0 0x0 0x1ad0 0x0 0x1ad0 0x0 0x1ad0 0x0 0x1ad0 0x0 0x1b00 0x0 0x1b30 0x0 0x1b60 0x0 0x1b90 0x0 0x1bc0 0x0 0x1bf0 0x0 0x1c20 0x0 0x1c50 0x0 0x1c80 0x0 0x1c80 0x0 0x1c80 0x0 0x1c80 0x0 0x1c80 0x0 0x1c80 0x0 0x1c80 0x0 0x1c80 0x0 0x1c80 0x0 0x1cb0 0x0 0x1ce0 0x0 0x1d10 0x0 0x1d40 0x0 0x1cb0 0x0 0x1ce0 0x0 0x1d10 0x0 0x1d40 0x0 0x1cb0 0x0 0x1ce0 0x0 0x1d10 0x0 0x1d40 0x0 0x1cb0 0x0 0x1ce0 0x0 0x1d10 0x0 0x1d40 0x0 0x1cb0 0x0 0x1ce0 0x0 0x1d10 0x0 0x1d40 0x0 0x1cb0 0x0 0x1ce0 0x0 0x1d10 0x0 0x1d40 0x0 0x1cb0 0x0 0x1ce0 0x0 0x1cb0 0x0 0x1ce0 0x0 0x1cb0 0x0 0x1ce0 0x0 0x1cb0 0x0 0x1ce0 0x0 0x1cb0 0x0 0x1ce0 0x0 0x1cb0 0x0 0x1ce0 0x0 0x1d70 0x0 0x1e00 0x0 0x1e30 0x0 0x1e60 0x0 0x1e90 0x0 0x1e30 0x0 0x1e60 0x0 0x1e90 0x0 0x1e00 0x0 0x1e60 0x0 0x1e90 0x0 0x1e00 0x0 0x1e30 0x0 0x1e90 0x0 0x1e90 0x0 0x1e90 0x0 0x1e90 0x0 0x1e90 0x0 0x1e90 0x0 0x1e90 0x0 0x1e90 0x0 0x1ec0 0x0 0x1ec0 0x0 0x1ec0 0x0 0x1ec0 0x0 0x1ec0 0x0 0x1ec0 0x0 0x1ec0 0x0 0x1ec0 0x0 0x1ec0 0x0 0x1ec0 0x0 0x1ec0 0x0 0x1ec0 0x0 0x1ec0 0x0 0x1ec0 0x0 0x1ec0 0x0 0x1ec0 0x0 0x1f20 0x0 0x1f80 0x0 0x1f90 0x0 0x1fa0 0x0 0x1fd0 0x0 0x2000 0x0 0x2030 0x0 0x2060 0x0 0x2090 0x0 0x20c0 0x0 0x20c0 0x0 0x20c0 0x0 0x20c0 0x0 0x20c0 0x0 0x20c0 0x0 0x20c0 0x0 0x2150 0x0 0x2240 0x0 0x20c0 0x0 0x2250 0x0 0x20c0 0x0 0x1e90 0x0 0x2090 0x0 0x20c0 0x0 0x20c0 0x0 0x2090 0x0 0x2090 0x0 0x2260 0x0 0x2270 0x0 0x1ec0 0x0 0x1ec0 0x0 0x2330 0x0 0x2330 0x35b0005 0x0 0x0 0x0 0x0 0x0 0x36b0005 0x0 0x16945200 0x56 0x169452b0 0x53 0x37b0005 0x0 0x0 0x0 0x0 0x0 0x38b0005 0x5c 0x16945360 0x3a 0x16945200 0x5f 0x39b0005 0x37 0x16945200 0x39 0x16945360 0x38 0x3ab0005 0x1b 0x16945200 0x1d 0x16945360 0x30 0x3bb0005 0x19 0x16945200 0x1b 0x16945360 0x26 0x3cb0005 0x1 0x16945360 0x20 0x16945200 0x1 0x3db0005 0x2 0x16945360 0x1e 0x16945200 0x2 0x3eb0005 0x0 0x0 0x0 0x0 0x0 0x3fb0005 0x0 0x0 0x0 0x0 0x0 0x40b0005 0x0 0x0 0x0 0x0 0x0 0x41b0005 0x0 0x0 0x0 0x0 0x0 0x42b0005 0x0 0x0 0x0 0x0 0x0 0x43b0005 0x0 0x0 0x0 0x0 0x0 0x44b0005 0x0 0x0 0x0 0x0 0x0 0x4590005 0x0 0x16945150 0x1a0 0x0 0x0 0x4650002 0x1a0 0x46a0005 0xd 0x16945200 0xd 0x16945360 0x186 0x4780005 0x0 0x0 0x0 0x0 0x0 0x4840002 0x0 0x4890005 0x0 0x0 0x0 0x0 0x0 0x4970005 0x0 0x16945150 0x25e 0x0 0x0 0x4a20005 0x0 0x16945410 0x25e 0x0 0x0 0x4ab0004 0xffffffffffffffb2 0x169454c0 0x210 0x0 0x0 0x4ae0007 0x4e 0x98 0x210 0x4b30004 0x0 0x169454c0 0x210 0x0 0x0 0x4b60005 0x0 0x169454c0 0x210 0x0 0x0 0x4b90003 0x210 0x18 0x4c80005 0x2a 0x16945360 0x208 0x16945200 0x2c 0x4d60005 0x0 0x16945150 0x78 0x0 0x0 0x4e10005 0x0 0x16945410 0x78 0x0 0x0 0x4ea0004 0xffffffffffffffd2 0x169454c0 0x4a 0x0 0x0 0x4ed0007 0x2e 0x98 0x4a 0x4f20004 0x0 0x169454c0 0x4a 0x0 0x0 0x4f50005 0x0 0x169454c0 0x4a 0x0 0x0 0x4f80003 0x4a 0x18 0x5070005 0x4a 0x16945200 0x18 0x169452b0 0x16 0x5150005 0x0 0x0 0x0 0x0 0x0 0x5200005 0x0 0x0 0x0 0x0 0x0 0x52f0005 0x0 0x0 0x0 0x0 0x0 0x53d0005 0x0 0x0 0x0 0x0 0x0 0x54d0005 0x0 0x0 0x0 0x0 0x0 0x55b0005 0x0 0x0 0x0 0x0 0x0 0x56b0005 0x0 0x0 0x0 0x0 0x0 0x5790005 0x0 0x0 0x0 0x0 0x0 0x5890005 0x0 0x0 0x0 0x0 0x0 0x5970005 0x0 0x0 0x0 0x0 0x0 0x5a70005 0x0 0x0 0x0 0x0 0x0 0x5b50005 0x0 0x0 0x0 0x0 0x0 0x5c50005 0x0 0x0 0x0 0x0 0x0 0x5dd0005 0x0 0x0 0x0 0x0 0x0 0x5f50005 0x0 0x0 0x0 0x0 0x0 0x60d0005 0x0 0x0 0x0 0x0 0x0 0x6250005 0x0 0x0 0x0 0x0 0x0 0x63d0005 0x0 0x16945200 0x174 0x169452b0 0x167 0x64c0005 0x0 0x0 0x0 0x0 0x0 0x65b0005 0x0 0x0 0x0 0x0 0x0 0x66a0005 0x0 0x0 0x0 0x0 0x0 0x6790005 0x0 0x0 0x0 0x0 0x0 0x6880005 0x0 0x16945200 0x3f 0x169452b0 0x3d 0x6970005 0x0 0x0 0x0 0x0 0x0 0x6a60005 0x0 0x0 0x0 0x0 0x0 0x6b50005 0x0 0x0 0x0 0x0 0x0 0x6c30005 0x0 0x0 0x0 0x0 0x0 0x6d30005 0x0 0x0 0x0 0x0 0x0 0x6e10005 0x0 0x0 0x0 0x0 0x0 0x6f10005 0x0 0x0 0x0 0x0 0x0 0x6ff0005 0x0 0x0 0x0 0x0 0x0 0x70f0005 0x0 0x0 0x0 0x0 0x0 0x71d0005 0x0 0x0 0x0 0x0 0x0 0x72d0005 0x0 0x0 0x0 0x0 0x0 0x73b0005 0x0 0x0 0x0 0x0 0x0 0x74b0005 0x0 0x0 0x0 0x0 0x0 0x7630005 0x0 0x0 0x0 0x0 0x0 0x77b0005 0x0 0x0 0x0 0x0 0x0 0x7930005 0x0 0x0 0x0 0x0 0x0 0x7ab0005 0x0 0x0 0x0 0x0 0x0 0x7c30005 0x0 0x16945200 0x23 0x169452b0 0x23 0x7d20005 0x0 0x16945200 0x4 0x169452b0 0x4 0x7e10005 0x0 0x0 0x0 0x0 0x0 0x7f00005 0x0 0x0 0x0 0x0 0x0 0x7ff0005 0x0 0x0 0x0 0x0 0x0 0x80e0005 0x0 0x16945200 0x58 0x169452b0 0x52 0x81d0005 0x0 0x0 0x0 0x0 0x0 0x82c0005 0x0 0x0 0x0 0x0 0x0 0x83b0005 0x0 0x0 0x0 0x0 0x0 0x8490005 0x0 0x16945200 0xc0 0x169452b0 0xb4 0x8570005 0x0 0x0 0x0 0x0 0x0 0x8670005 0x0 0x0 0x0 0x0 0x0 0x8770005 0x0 0x0 0x0 0x0 0x0 0x8870005 0x0 0x0 0x0 0x0 0x0 0x8950005 0x0 0x0 0x0 0x0 0x0 0x8a10005 0x0 0x0 0x0 0x0 0x0 0x8b10005 0x0 0x0 0x0 0x0 0x0 0x8bf0005 0x0 0x0 0x0 0x0 0x0 0x8cd0005 0x0 0x0 0x0 0x0 0x0 0x8db0005 0x0 0x0 0x0 0x0 0x0 0x8e90005 0x0 0x0 0x0 0x0 0x0 0x8f80005 0x0 0x16945150 0x30 0x0 0x0 0x9040005 0x0 0x16945200 0x18 0x169452b0 0x18 0x9120005 0x0 0x0 0x0 0x0 0x0 0x9210005 0x0 0x0 0x0 0x0 0x0 0x92b0002 0x0 0x9320002 0x2f 0x93f0005 0x0 0x0 0x0 0x0 0x0 0x94f0005 0x0 0x0 0x0 0x0 0x0 0x95f0005 0x0 0x0 0x0 0x0 0x0 0x96f0005 0x0 0x0 0x0 0x0 0x0 0x97f0005 0x0 0x16945200 0x8f 0x169452b0 0x87 0x98d0005 0x0 0x16945200 0x3f 0x169452b0 0x3c 0x99b0005 0x0 0x16945150 0x434 0x0 0x0 0x9a60005 0x0 0x16945410 0x434 0x0 0x0 0x9b40005 0x0 0x16945200 0x227 0x169452b0 0x20d 0x9c20005 0x0 0x16945150 0x20 0x0 0x0 0x9ce0005 0x0 0x16945150 0x20 0x0 0x0 0x9da0005 0x0 0x16945150 0x20 0x0 0x0 0x9e50005 0x0 0x16945410 0x20 0x0 0x0 0x9fa0005 0x0 0x16945200 0x10 0x169452b0 0x10 0xa070002 0x0 0xa0e0002 0x3a 0xa150002 0x0 0xa200005 0x0 0x0 0x0 0x0 0x0 0xa2c0005 0x0 0x0 0x0 0x0 0x0 0xa370005 0x0 0x0 0x0 0x0 0x0 0xa460005 0x0 0x0 0x0 0x0 0x0 0xa550005 0x0 0x0 0x0 0x0 0x0 0xa5f0007 0x0 0x38 0x0 0xa650003 0x0 0x18 0xa740005 0x0 0x0 0x0 0x0 0x0 0xa7f0005 0x0 0x0 0x0 0x0 0x0 0xa8c0002 0x0 0xa910005 0x0 0x0 0x0 0x0 0x0 0xa950002 0x0 0xa980005 0x0 0x0 0x0 0x0 0x0 0xa9b0005 0x0 0x0 0x0 0x0 0x0 0xa9e0005 0x0 0x0 0x0 0x0 0x0 0xaa90002 0x0 0xab40002 0x0 0xab90005 0x0 0x0 0x0 0x0 0x0 0xabd0002 0x0 0xac00005 0x0 0x0 0x0 0x0 0x0 0xac30005 0x0 0x0 0x0 0x0 0x0 0xac60005 0x0 0x0 0x0 0x0 0x0